<?xml version="1.0" encoding="UTF-8"?>
<coverage generated="1541917467290" clover="3.2.0">
  <project timestamp="1541917467290" name="All files">
    <metrics statements="52" coveredstatements="52" conditionals="14" coveredconditionals="14" methods="14" coveredmethods="14" elements="80" coveredelements="80" complexity="0" loc="52" ncloc="52" packages="2" files="2" classes="2">
      <package name="models">
        <metrics statements="45" coveredstatements="45" conditionals="14" coveredconditionals="14" methods="11" coveredmethods="11"/>
        <file name="config.ts" path="/home/steve/Working/javascript/swarmer-client-js/src/models/config.ts">
          <metrics statements="45" coveredstatements="45" conditionals="14" coveredconditionals="14" methods="11" coveredmethods="11"/>
          <line num="1" count="2" type="stmt"/>
          <line num="6" count="2" type="stmt"/>
          <line num="7" count="3" type="stmt"/>
          <line num="13" count="2" type="stmt"/>
          <line num="14" count="3" type="stmt"/>
          <line num="20" count="2" type="stmt"/>
          <line num="21" count="2" type="stmt"/>
          <line num="27" count="2" type="stmt"/>
          <line num="28" count="2" type="stmt"/>
          <line num="34" count="2" type="stmt"/>
          <line num="35" count="3" type="stmt"/>
          <line num="41" count="2" type="stmt"/>
          <line num="42" count="4" type="stmt"/>
          <line num="48" count="2" type="stmt"/>
          <line num="49" count="2" type="stmt"/>
          <line num="67" count="2" type="stmt"/>
          <line num="68" count="8" type="stmt"/>
          <line num="69" count="8" type="stmt"/>
          <line num="70" count="8" type="stmt"/>
          <line num="71" count="8" type="stmt"/>
          <line num="72" count="8" type="stmt"/>
          <line num="73" count="8" type="stmt"/>
          <line num="75" count="8" type="cond" truecount="2" falsecount="0"/>
          <line num="76" count="1" type="stmt"/>
          <line num="79" count="7" type="cond" truecount="2" falsecount="0"/>
          <line num="80" count="1" type="stmt"/>
          <line num="83" count="6" type="cond" truecount="2" falsecount="0"/>
          <line num="84" count="1" type="stmt"/>
          <line num="87" count="5" type="cond" truecount="2" falsecount="0"/>
          <line num="88" count="1" type="stmt"/>
          <line num="91" count="4" type="cond" truecount="2" falsecount="0"/>
          <line num="92" count="1" type="stmt"/>
          <line num="95" count="3" type="cond" truecount="2" falsecount="0"/>
          <line num="96" count="1" type="stmt"/>
          <line num="99" count="2" type="stmt"/>
          <line num="101" count="4" type="cond" truecount="2" falsecount="0"/>
          <line num="103" count="2" type="stmt"/>
          <line num="122" count="3" type="stmt"/>
          <line num="123" count="3" type="stmt"/>
          <line num="124" count="3" type="stmt"/>
          <line num="125" count="3" type="stmt"/>
          <line num="126" count="3" type="stmt"/>
          <line num="127" count="3" type="stmt"/>
          <line num="128" count="3" type="stmt"/>
          <line num="129" count="2" type="stmt"/>
        </file>
      </package>
      <package name="util">
        <metrics statements="7" coveredstatements="7" conditionals="0" coveredconditionals="0" methods="3" coveredmethods="3"/>
        <file name="runner.ts" path="/home/steve/Working/javascript/swarmer-client-js/src/util/runner.ts">
          <metrics statements="7" coveredstatements="7" conditionals="0" coveredconditionals="0" methods="3" coveredmethods="3"/>
          <line num="1" count="1" type="stmt"/>
          <line num="5" count="1" type="stmt"/>
          <line num="12" count="1" type="stmt"/>
          <line num="14" count="1" type="stmt"/>
          <line num="15" count="1" type="stmt"/>
          <line num="21" count="1" type="stmt"/>
          <line num="30" count="1" type="stmt"/>
        </file>
      </package>
    </metrics>
  </project>
</coverage>
