{"/home/steve/Working/javascript/swarmer-client-js/src/models/config.ts": {"path":"/home/steve/Working/javascript/swarmer-client-js/src/models/config.ts","statementMap":{"0":{"start":{"line":1,"column":0},"end":{"line":129,"column":0}},"1":{"start":{"line":122,"column":34},"end":{"line":122,"column":50}},"2":{"start":{"line":123,"column":34},"end":{"line":123,"column":49}},"3":{"start":{"line":124,"column":34},"end":{"line":124,"column":57}},"4":{"start":{"line":125,"column":34},"end":{"line":125,"column":54}},"5":{"start":{"line":126,"column":34},"end":{"line":126,"column":51}},"6":{"start":{"line":127,"column":34},"end":{"line":127,"column":48}},"7":{"start":{"line":128,"column":34},"end":{"line":128,"column":52}},"8":{"start":{"line":6,"column":4},"end":{"line":8,"column":5}},"9":{"start":{"line":7,"column":8},"end":{"line":7,"column":28}},"10":{"start":{"line":13,"column":4},"end":{"line":15,"column":5}},"11":{"start":{"line":14,"column":8},"end":{"line":14,"column":29}},"12":{"start":{"line":20,"column":4},"end":{"line":22,"column":5}},"13":{"start":{"line":21,"column":8},"end":{"line":21,"column":36}},"14":{"start":{"line":27,"column":4},"end":{"line":29,"column":5}},"15":{"start":{"line":28,"column":8},"end":{"line":28,"column":33}},"16":{"start":{"line":34,"column":4},"end":{"line":36,"column":5}},"17":{"start":{"line":35,"column":8},"end":{"line":35,"column":29}},"18":{"start":{"line":41,"column":4},"end":{"line":43,"column":5}},"19":{"start":{"line":42,"column":8},"end":{"line":42,"column":30}},"20":{"start":{"line":48,"column":4},"end":{"line":50,"column":5}},"21":{"start":{"line":49,"column":8},"end":{"line":49,"column":27}},"22":{"start":{"line":67,"column":18},"end":{"line":110,"column":5}},"23":{"start":{"line":68,"column":24},"end":{"line":68,"column":48}},"24":{"start":{"line":69,"column":23},"end":{"line":69,"column":42}},"25":{"start":{"line":70,"column":28},"end":{"line":70,"column":55}},"26":{"start":{"line":71,"column":28},"end":{"line":71,"column":52}},"27":{"start":{"line":72,"column":25},"end":{"line":72,"column":46}},"28":{"start":{"line":73,"column":29},"end":{"line":73,"column":55}},"29":{"start":{"line":75,"column":8},"end":{"line":77,"column":9}},"30":{"start":{"line":76,"column":12},"end":{"line":76,"column":87}},"31":{"start":{"line":79,"column":8},"end":{"line":81,"column":9}},"32":{"start":{"line":80,"column":12},"end":{"line":80,"column":82}},"33":{"start":{"line":83,"column":8},"end":{"line":85,"column":9}},"34":{"start":{"line":84,"column":12},"end":{"line":84,"column":90}},"35":{"start":{"line":87,"column":8},"end":{"line":89,"column":9}},"36":{"start":{"line":88,"column":12},"end":{"line":88,"column":87}},"37":{"start":{"line":91,"column":8},"end":{"line":93,"column":9}},"38":{"start":{"line":92,"column":12},"end":{"line":92,"column":84}},"39":{"start":{"line":95,"column":8},"end":{"line":97,"column":9}},"40":{"start":{"line":96,"column":12},"end":{"line":96,"column":89}},"41":{"start":{"line":99,"column":24},"end":{"line":99,"column":44}},"42":{"start":{"line":101,"column":24},"end":{"line":101,"column":82}},"43":{"start":{"line":101,"column":66},"end":{"line":101,"column":76}},"44":{"start":{"line":103,"column":8},"end":{"line":109,"column":21}},"45":{"start":{"line":129,"column":0},"end":{"line":129,"column":1}},"46":{"start":{"line":1,"column":13},"end":{"line":1,"column":25}}},"fnMap":{"0":{"name":"(anonymous_0)","decl":{"start":{"line":1,"column":0},"end":{"line":null,"column":-1}},"loc":{"start":{"line":1,"column":0},"end":{"line":1,"column":-1}}},"1":{"name":"RunnerConfig","decl":{"start":{"line":122,"column":4},"end":{"line":122,"column":33}},"loc":{"start":{"line":128,"column":52},"end":{"line":128,"column":56}}},"2":{"name":"(anonymous_2)","decl":{"start":{"line":6,"column":4},"end":{"line":null,"column":-1}},"loc":{"start":{"line":6,"column":4},"end":{"line":8,"column":5}}},"3":{"name":"(anonymous_3)","decl":{"start":{"line":13,"column":4},"end":{"line":null,"column":-1}},"loc":{"start":{"line":13,"column":4},"end":{"line":15,"column":5}}},"4":{"name":"(anonymous_4)","decl":{"start":{"line":20,"column":4},"end":{"line":null,"column":-1}},"loc":{"start":{"line":20,"column":4},"end":{"line":22,"column":5}}},"5":{"name":"(anonymous_5)","decl":{"start":{"line":27,"column":4},"end":{"line":null,"column":-1}},"loc":{"start":{"line":27,"column":4},"end":{"line":29,"column":5}}},"6":{"name":"(anonymous_6)","decl":{"start":{"line":34,"column":4},"end":{"line":null,"column":-1}},"loc":{"start":{"line":34,"column":4},"end":{"line":36,"column":5}}},"7":{"name":"(anonymous_7)","decl":{"start":{"line":41,"column":4},"end":{"line":null,"column":-1}},"loc":{"start":{"line":41,"column":4},"end":{"line":43,"column":5}}},"8":{"name":"(anonymous_8)","decl":{"start":{"line":48,"column":4},"end":{"line":null,"column":-1}},"loc":{"start":{"line":48,"column":4},"end":{"line":50,"column":5}}},"9":{"name":"(anonymous_9)","decl":{"start":{"line":67,"column":4},"end":{"line":null,"column":-1}},"loc":{"start":{"line":67,"column":4},"end":{"line":110,"column":5}}},"10":{"name":"(anonymous_10)","decl":{"start":{"line":101,"column":57},"end":{"line":101,"column":57}},"loc":{"start":{"line":101,"column":61},"end":{"line":101,"column":76}}}},"branchMap":{"0":{"loc":{"start":{"line":75,"column":8},"end":{"line":77,"column":9}},"type":"if","locations":[{"start":{"line":75,"column":8},"end":{"line":77,"column":9}},{"start":{"line":75,"column":8},"end":{"line":77,"column":9}}]},"1":{"loc":{"start":{"line":79,"column":8},"end":{"line":81,"column":9}},"type":"if","locations":[{"start":{"line":79,"column":8},"end":{"line":81,"column":9}},{"start":{"line":79,"column":8},"end":{"line":81,"column":9}}]},"2":{"loc":{"start":{"line":83,"column":8},"end":{"line":85,"column":9}},"type":"if","locations":[{"start":{"line":83,"column":8},"end":{"line":85,"column":9}},{"start":{"line":83,"column":8},"end":{"line":85,"column":9}}]},"3":{"loc":{"start":{"line":87,"column":8},"end":{"line":89,"column":9}},"type":"if","locations":[{"start":{"line":87,"column":8},"end":{"line":89,"column":9}},{"start":{"line":87,"column":8},"end":{"line":89,"column":9}}]},"4":{"loc":{"start":{"line":91,"column":8},"end":{"line":93,"column":9}},"type":"if","locations":[{"start":{"line":91,"column":8},"end":{"line":93,"column":9}},{"start":{"line":91,"column":8},"end":{"line":93,"column":9}}]},"5":{"loc":{"start":{"line":95,"column":8},"end":{"line":97,"column":9}},"type":"if","locations":[{"start":{"line":95,"column":8},"end":{"line":97,"column":9}},{"start":{"line":95,"column":8},"end":{"line":97,"column":9}}]},"6":{"loc":{"start":{"line":101,"column":34},"end":{"line":101,"column":77}},"type":"cond-expr","locations":[{"start":{"line":101,"column":34},"end":{"line":101,"column":77}},{"start":{"line":101,"column":80},"end":{"line":101,"column":82}}]}},"s":{"0":2,"1":3,"2":3,"3":3,"4":3,"5":3,"6":3,"7":3,"8":2,"9":3,"10":2,"11":3,"12":2,"13":2,"14":2,"15":2,"16":2,"17":3,"18":2,"19":4,"20":2,"21":2,"22":2,"23":8,"24":8,"25":8,"26":8,"27":8,"28":8,"29":8,"30":1,"31":7,"32":1,"33":6,"34":1,"35":5,"36":1,"37":4,"38":1,"39":3,"40":1,"41":2,"42":2,"43":4,"44":2,"45":2,"46":2},"f":{"0":2,"1":3,"2":3,"3":3,"4":2,"5":2,"6":3,"7":4,"8":2,"9":8,"10":4},"b":{"0":[1,7],"1":[1,6],"2":[1,5],"3":[1,4],"4":[1,3],"5":[1,2],"6":[1,1]}}
,"/home/steve/Working/javascript/swarmer-client-js/src/util/runner.ts": {"path":"/home/steve/Working/javascript/swarmer-client-js/src/util/runner.ts","statementMap":{"0":{"start":{"line":1,"column":0},"end":{"line":1,"column":41}},"1":{"start":{"line":5,"column":0},"end":{"line":30,"column":0}},"2":{"start":{"line":12,"column":24},"end":{"line":12,"column":44}},"3":{"start":{"line":14,"column":11},"end":{"line":29,"column":5}},"4":{"start":{"line":15,"column":21},"end":{"line":19,"column":9}},"5":{"start":{"line":21,"column":8},"end":{"line":28,"column":10}},"6":{"start":{"line":30,"column":0},"end":{"line":30,"column":1}},"7":{"start":{"line":5,"column":13},"end":{"line":5,"column":23}}},"fnMap":{"0":{"name":"(anonymous_0)","decl":{"start":{"line":5,"column":0},"end":{"line":null,"column":-1}},"loc":{"start":{"line":5,"column":0},"end":{"line":5,"column":-1}}},"1":{"name":"TaskRunner","decl":{"start":{"line":12,"column":4},"end":{"line":12,"column":23}},"loc":{"start":{"line":12,"column":44},"end":{"line":12,"column":49}}},"2":{"name":"(anonymous_2)","decl":{"start":{"line":14,"column":4},"end":{"line":null,"column":-1}},"loc":{"start":{"line":14,"column":4},"end":{"line":29,"column":5}}}},"branchMap":{},"s":{"0":1,"1":1,"2":1,"3":1,"4":1,"5":1,"6":1,"7":1},"f":{"0":1,"1":1,"2":1},"b":{}}
}
