TN:
SF:/home/steve/Working/javascript/swarmer-client-js/src/models/config.ts
FN:1,(anonymous_0)
FN:122,RunnerConfig
FN:6,(anonymous_2)
FN:13,(anonymous_3)
FN:20,(anonymous_4)
FN:27,(anonymous_5)
FN:34,(anonymous_6)
FN:41,(anonymous_7)
FN:48,(anonymous_8)
FN:67,(anonymous_9)
FN:101,(anonymous_10)
FNF:11
FNH:11
FNDA:2,(anonymous_0)
FNDA:3,RunnerConfig
FNDA:3,(anonymous_2)
FNDA:3,(anonymous_3)
FNDA:2,(anonymous_4)
FNDA:2,(anonymous_5)
FNDA:3,(anonymous_6)
FNDA:4,(anonymous_7)
FNDA:2,(anonymous_8)
FNDA:8,(anonymous_9)
FNDA:4,(anonymous_10)
DA:1,2
DA:6,2
DA:7,3
DA:13,2
DA:14,3
DA:20,2
DA:21,2
DA:27,2
DA:28,2
DA:34,2
DA:35,3
DA:41,2
DA:42,4
DA:48,2
DA:49,2
DA:67,2
DA:68,8
DA:69,8
DA:70,8
DA:71,8
DA:72,8
DA:73,8
DA:75,8
DA:76,1
DA:79,7
DA:80,1
DA:83,6
DA:84,1
DA:87,5
DA:88,1
DA:91,4
DA:92,1
DA:95,3
DA:96,1
DA:99,2
DA:101,4
DA:103,2
DA:122,3
DA:123,3
DA:124,3
DA:125,3
DA:126,3
DA:127,3
DA:128,3
DA:129,2
LF:45
LH:45
BRDA:75,0,0,1
BRDA:75,0,1,7
BRDA:79,1,0,1
BRDA:79,1,1,6
BRDA:83,2,0,1
BRDA:83,2,1,5
BRDA:87,3,0,1
BRDA:87,3,1,4
BRDA:91,4,0,1
BRDA:91,4,1,3
BRDA:95,5,0,1
BRDA:95,5,1,2
BRDA:101,6,0,1
BRDA:101,6,1,1
BRF:14
BRH:14
end_of_record
TN:
SF:/home/steve/Working/javascript/swarmer-client-js/src/util/runner.ts
FN:5,(anonymous_0)
FN:12,TaskRunner
FN:14,(anonymous_2)
FNF:3
FNH:3
FNDA:1,(anonymous_0)
FNDA:1,TaskRunner
FNDA:1,(anonymous_2)
DA:1,1
DA:5,1
DA:12,1
DA:14,1
DA:15,1
DA:21,1
DA:30,1
LF:7
LH:7
BRF:0
BRH:0
end_of_record
